[    0.000000] Linux version 4.15.0-212-generic (buildd@lcy02-amd64-083) (gcc version 7.5.0 (Ubuntu 7.5.0-3ubuntu1~18.04)) #223-Ubuntu SMP Tue May 23 13:09:22 UTC 2023 (Ubuntu 4.15.0-212.223-generic 4.15.18)
[    0.000000] Command line: BOOT_IMAGE=/boot/vmlinuz-4.15.0-212-generic root=LABEL=cloudimg-rootfs ro console=tty1 console=ttyS0
[    0.000000] KERNEL supported cpus:
[    0.000000]   Intel GenuineIntel
[    0.000000]   AMD AuthenticAMD
[    0.000000]   Centaur CentaurHauls
[    0.000000] x86/fpu: Supporting XSAVE feature 0x001: 'x87 floating point registers'
[    0.000000] x86/fpu: Supporting XSAVE feature 0x002: 'SSE registers'
[    0.000000] x86/fpu: Supporting XSAVE feature 0x004: 'AVX registers'
[    0.000000] x86/fpu: xstate_offset[2]:  576, xstate_sizes[2]:  256
[    0.000000] x86/fpu: Enabled xstate features 0x7, context size is 832 bytes, using 'standard' format.
[    0.000000] e820: BIOS-provided physical RAM map:
[    0.000000] BIOS-e820: [mem 0x0000000000000000-0x000000000009fbff] usable
[    0.000000] BIOS-e820: [mem 0x000000000009fc00-0x000000000009ffff] reserved
[    0.000000] BIOS-e820: [mem 0x00000000000f0000-0x00000000000fffff] reserved
[    0.000000] BIOS-e820: [mem 0x0000000000100000-0x000000003ffeffff] usable
[    0.000000] BIOS-e820: [mem 0x000000003fff0000-0x000000003fffffff] ACPI data
[    0.000000] BIOS-e820: [mem 0x00000000fec00000-0x00000000fec00fff] reserved
[    0.000000] BIOS-e820: [mem 0x00000000fee00000-0x00000000fee00fff] reserved
[    0.000000] BIOS-e820: [mem 0x00000000fffc0000-0x00000000ffffffff] reserved
[    0.000000] NX (Execute Disable) protection: active
[    0.000000] SMBIOS 2.5 present.
[    0.000000] DMI: innotek GmbH VirtualBox/VirtualBox, BIOS VirtualBox 12/01/2006
[    0.000000] Hypervisor detected: KVM
[    0.000000] e820: last_pfn = 0x3fff0 max_arch_pfn = 0x400000000
[    0.000000] MTRR: Disabled
[    0.000000] x86/PAT: MTRRs disabled, skipping PAT initialization too.
[    0.000000] CPU MTRRs all blank - virtualized system.
[    0.000000] x86/PAT: Configuration [0-7]: WB  WT  UC- UC  WB  WT  UC- UC  
[    0.000000] found SMP MP-table at [mem 0x0009fff0-0x0009ffff]
[    0.000000] Scanning 1 areas for low memory corruption
[    0.000000] RAMDISK: [mem 0x359cb000-0x36cdcfff]
[    0.000000] ACPI: Early table checksum verification disabled
[    0.000000] ACPI: RSDP 0x00000000000E0000 000024 (v02 VBOX  )
[    0.000000] ACPI: XSDT 0x000000003FFF0030 00003C (v01 VBOX   VBOXXSDT 00000001 ASL  00000061)
[    0.000000] ACPI: FACP 0x000000003FFF00F0 0000F4 (v04 VBOX   VBOXFACP 00000001 ASL  00000061)
[    0.000000] ACPI: DSDT 0x000000003FFF0610 002353 (v02 VBOX   VBOXBIOS 00000002 INTL 20100528)
[    0.000000] ACPI: FACS 0x000000003FFF0200 000040
[    0.000000] ACPI: FACS 0x000000003FFF0200 000040
[    0.000000] ACPI: APIC 0x000000003FFF0240 00005C (v02 VBOX   VBOXAPIC 00000001 ASL  00000061)
[    0.000000] ACPI: SSDT 0x000000003FFF02A0 00036C (v01 VBOX   VBOXCPUT 00000002 INTL 20100528)
[    0.000000] ACPI: Reserving FACP table memory at [mem 0x3fff00f0-0x3fff01e3]
[    0.000000] ACPI: Reserving DSDT table memory at [mem 0x3fff0610-0x3fff2962]
[    0.000000] ACPI: Reserving FACS table memory at [mem 0x3fff0200-0x3fff023f]
[    0.000000] ACPI: Reserving FACS table memory at [mem 0x3fff0200-0x3fff023f]
[    0.000000] ACPI: Reserving APIC table memory at [mem 0x3fff0240-0x3fff029b]
[    0.000000] ACPI: Reserving SSDT table memory at [mem 0x3fff02a0-0x3fff060b]
[    0.000000] No NUMA configuration found
[    0.000000] Faking a node at [mem 0x0000000000000000-0x000000003ffeffff]
[    0.000000] NODE_DATA(0) allocated [mem 0x3ffc5000-0x3ffeffff]
[    0.000000] kvm-clock: cpu 0, msr 0:3ff44001, primary cpu clock
[    0.000000] kvm-clock: Using msrs 4b564d01 and 4b564d00
[    0.000000] kvm-clock: using sched offset of 3390201621 cycles
[    0.000000] clocksource: kvm-clock: mask: 0xffffffffffffffff max_cycles: 0x1cd42e4dffb, max_idle_ns: 881590591483 ns
[    0.000000] Zone ranges:
[    0.000000]   DMA      [mem 0x0000000000001000-0x0000000000ffffff]
[    0.000000]   DMA32    [mem 0x0000000001000000-0x000000003ffeffff]
[    0.000000]   Normal   empty
[    0.000000]   Device   empty
[    0.000000] Movable zone start for each node
[    0.000000] Early memory node ranges
[    0.000000]   node   0: [mem 0x0000000000001000-0x000000000009efff]
[    0.000000]   node   0: [mem 0x0000000000100000-0x000000003ffeffff]
[    0.000000] Reserved but unavailable: 104 pages
[    0.000000] Initmem setup node 0 [mem 0x0000000000001000-0x000000003ffeffff]
[    0.000000] ACPI: PM-Timer IO Port: 0x4008
[    0.000000] IOAPIC[0]: apic_id 2, version 32, address 0xfec00000, GSI 0-23
[    0.000000] ACPI: INT_SRC_OVR (bus 0 bus_irq 0 global_irq 2 dfl dfl)
[    0.000000] ACPI: INT_SRC_OVR (bus 0 bus_irq 9 global_irq 9 low level)
[    0.000000] Using ACPI (MADT) for SMP configuration information
[    0.000000] smpboot: Allowing 2 CPUs, 0 hotplug CPUs
[    0.000000] PM: Registered nosave memory: [mem 0x00000000-0x00000fff]
[    0.000000] PM: Registered nosave memory: [mem 0x0009f000-0x0009ffff]
[    0.000000] PM: Registered nosave memory: [mem 0x000a0000-0x000effff]
[    0.000000] PM: Registered nosave memory: [mem 0x000f0000-0x000fffff]
[    0.000000] e820: [mem 0x40000000-0xfebfffff] available for PCI devices
[    0.000000] Booting paravirtualized kernel on KVM
[    0.000000] clocksource: refined-jiffies: mask: 0xffffffff max_cycles: 0xffffffff, max_idle_ns: 7645519600211568 ns
[    0.000000] setup_percpu: NR_CPUS:8192 nr_cpumask_bits:2 nr_cpu_ids:2 nr_node_ids:1
[    0.000000] percpu: Embedded 50 pages/cpu s167936 r8192 d28672 u1048576
[    0.000000] PV qspinlock hash table entries: 256 (order: 0, 4096 bytes)
[    0.000000] Built 1 zonelists, mobility grouping on.  Total pages: 257913
[    0.000000] Policy zone: DMA32
[    0.000000] Kernel command line: BOOT_IMAGE=/boot/vmlinuz-4.15.0-212-generic root=LABEL=cloudimg-rootfs ro console=tty1 console=ttyS0
[    0.000000] Memory: 982644K/1048120K available (12300K kernel code, 2477K rwdata, 4324K rodata, 2480K init, 2720K bss, 65476K reserved, 0K cma-reserved)
[    0.000000] SLUB: HWalign=64, Order=0-3, MinObjects=0, CPUs=2, Nodes=1
[    0.000000] Kernel/User page tables isolation: enabled
[    0.000000] ftrace: allocating 39508 entries in 155 pages
[    0.004000] Hierarchical RCU implementation.
[    0.004000] 	RCU restricting CPUs from NR_CPUS=8192 to nr_cpu_ids=2.
[    0.004000] 	Tasks RCU enabled.
[    0.004000] RCU: Adjusting geometry for rcu_fanout_leaf=16, nr_cpu_ids=2
[    0.004000] NR_IRQS: 524544, nr_irqs: 440, preallocated irqs: 16
[    0.004000] random: crng init done
[    0.004000] Console: colour VGA+ 80x25
[    0.004000] console [tty1] enabled
[    0.004000] console [ttyS0] enabled
[    0.004000] ACPI: Core revision 20170831
[    0.004000] ACPI: 2 ACPI AML tables successfully acquired and loaded
[    0.004000] APIC: Switch to symmetric I/O mode setup
[    0.004000] x2apic enabled
[    0.004000] Switched APIC routing to physical x2apic.
[    0.004000] ..TIMER: vector=0x30 apic1=0 pin1=2 apic2=-1 pin2=-1
[    0.004006] tsc: Detected 2808.002 MHz processor
[    0.005054] Calibrating delay loop (skipped) preset value.. 5616.00 BogoMIPS (lpj=11232008)
[    0.008005] pid_max: default: 32768 minimum: 301
[    0.009106] Security Framework initialized
[    0.010095] Yama: becoming mindful.
[    0.012023] AppArmor: AppArmor initialized
[    0.016021] Dentry cache hash table entries: 131072 (order: 8, 1048576 bytes)
[    0.017683] Inode-cache hash table entries: 65536 (order: 7, 524288 bytes)
[    0.019153] Mount-cache hash table entries: 2048 (order: 2, 16384 bytes)
[    0.020007] Mountpoint-cache hash table entries: 2048 (order: 2, 16384 bytes)
[    0.022014] Last level iTLB entries: 4KB 64, 2MB 8, 4MB 8
[    0.023256] Last level dTLB entries: 4KB 64, 2MB 0, 4MB 0, 1GB 4
[    0.024006] Spectre V1 : Mitigation: usercopy/swapgs barriers and __user pointer sanitization
[    0.025939] Spectre V2 : Mitigation: Retpolines
[    0.028002] Spectre V2 : Spectre v2 / SpectreRSB mitigation: Filling RSB on context switch
[    0.029831] Spectre V2 : Spectre v2 / SpectreRSB : Filling RSB on VMEXIT
[    0.031438] RETBleed: WARNING: Spectre v2 mitigation leaves CPU vulnerable to RETBleed attacks, data leaks possible!
[    0.032002] RETBleed: Vulnerable
[    0.032765] Speculative Store Bypass: Vulnerable
[    0.033937] MDS: Mitigation: Clear CPU buffers
[    0.036002] MMIO Stale Data: Mitigation: Clear CPU buffers
[    0.037307] SRBDS: Unknown: Dependent on hypervisor status
[    0.040246] Freeing SMP alternatives memory: 36K
[    0.151368] smpboot: CPU0: Intel(R) Core(TM) i7-6600U CPU @ 2.60GHz (family: 0x6, model: 0x4e, stepping: 0x3)
[    0.152000] Performance Events: unsupported p6 CPU model 78 no PMU driver, software events only.
[    0.152055] Hierarchical SRCU implementation.
[    0.153674] NMI watchdog: Perf event create on CPU 0 failed with -2
[    0.156002] NMI watchdog: Perf NMI watchdog permanently disabled
[    0.157386] smp: Bringing up secondary CPUs ...
[    0.158554] x86: Booting SMP configuration:
[    0.160002] .... node  #0, CPUs:      #1
[    0.004000] kvm-clock: cpu 1, msr 0:3ff44041, secondary cpu clock
[    0.164021] smp: Brought up 1 node, 2 CPUs
[    0.165039] smpboot: Max logical packages: 1
[    0.166132] smpboot: Total of 2 processors activated (11232.00 BogoMIPS)
[    0.168136] devtmpfs: initialized
[    0.168839] x86/mm: Memory block size: 128MB
[    0.172209] evm: security.selinux
[    0.173197] evm: security.SMACK64
[    0.174063] evm: security.SMACK64EXEC
[    0.174985] evm: security.SMACK64TRANSMUTE
[    0.176004] evm: security.SMACK64MMAP
[    0.176940] evm: security.apparmor
[    0.177809] evm: security.ima
[    0.178623] evm: security.capability
[    0.180122] clocksource: jiffies: mask: 0xffffffff max_cycles: 0xffffffff, max_idle_ns: 7645041785100000 ns
[    0.182235] futex hash table entries: 512 (order: 3, 32768 bytes)
[    0.184081] pinctrl core: initialized pinctrl subsystem
[    0.188134] RTC time: 11:56:34, date: 07/08/23
[    0.189477] NET: Registered protocol family 16
[    0.190668] audit: initializing netlink subsys (disabled)
[    0.192032] audit: type=2000 audit(1688817399.239:1): state=initialized audit_enabled=0 res=1
[    0.196026] cpuidle: using governor ladder
[    0.197122] cpuidle: using governor menu
[    0.198198] ACPI: bus type PCI registered
[    0.199218] acpiphp: ACPI Hot Plug PCI Controller Driver version: 0.5
[    0.200141] PCI: Using configuration type 1 for base access
[    0.204034] HugeTLB registered 2.00 MiB page size, pre-allocated 0 pages
[    0.205477] ACPI: Added _OSI(Module Device)
[    0.205477] ACPI: Added _OSI(Processor Device)
[    0.206137] ACPI: Added _OSI(3.0 _SCP Extensions)
[    0.208003] ACPI: Added _OSI(Processor Aggregator Device)
[    0.209211] ACPI: Added _OSI(Linux-Dell-Video)
[    0.210269] ACPI: Added _OSI(Linux-Lenovo-NV-HDMI-Audio)
[    0.212003] ACPI: Added _OSI(Linux-HPI-Hybrid-Graphics)
[    0.213696] ACPI: Executed 1 blocks of module-level executable AML code
[    0.220659] ACPI: Interpreter enabled
[    0.221611] ACPI: (supports S0 S5)
[    0.222598] ACPI: Using IOAPIC for interrupt routing
[    0.224000] PCI: Using host bridge windows from ACPI; if necessary, use "pci=nocrs" and report a bug
[    0.224262] ACPI: Enabled 2 GPEs in block 00 to 07
[    0.236056] ACPI: PCI Root Bridge [PCI0] (domain 0000 [bus 00-ff])
[    0.237474] acpi PNP0A03:00: _OSC: OS supports [ASPM ClockPM Segments MSI]
[    0.239636] acpi PNP0A03:00: _OSC: not requesting OS control; OS requires [ExtendedConfig ASPM ClockPM MSI]
[    0.240013] acpi PNP0A03:00: fail to add MMCONFIG information, can't access extended PCI configuration space under this bridge.
[    0.244525] PCI host bridge to bus 0000:00
[    0.246575] pci_bus 0000:00: root bus resource [io  0x0000-0x0cf7 window]
[    0.248004] pci_bus 0000:00: root bus resource [io  0x0d00-0xffff window]
[    0.249497] pci_bus 0000:00: root bus resource [mem 0x000a0000-0x000bffff window]
[    0.252005] pci_bus 0000:00: root bus resource [mem 0x40000000-0xfdffffff window]
[    0.253709] pci_bus 0000:00: root bus resource [bus 00-ff]
[    0.257576] pci 0000:00:01.1: legacy IDE quirk: reg 0x10: [io  0x01f0-0x01f7]
[    0.259160] pci 0000:00:01.1: legacy IDE quirk: reg 0x14: [io  0x03f6]
[    0.260003] pci 0000:00:01.1: legacy IDE quirk: reg 0x18: [io  0x0170-0x0177]
[    0.261566] pci 0000:00:01.1: legacy IDE quirk: reg 0x1c: [io  0x0376]
[    0.281050] pci 0000:00:07.0: quirk: [io  0x4000-0x403f] claimed by PIIX4 ACPI
[    0.282749] pci 0000:00:07.0: quirk: [io  0x4100-0x410f] claimed by PIIX4 SMB
[    0.296008] ACPI: PCI Interrupt Link [LNKA] (IRQs 5 9 10 *11)
[    0.297910] ACPI: PCI Interrupt Link [LNKB] (IRQs 5 9 *10 11)
[    0.300094] ACPI: PCI Interrupt Link [LNKC] (IRQs 5 *9 10 11)
[    0.301577] ACPI: PCI Interrupt Link [LNKD] (IRQs 5 9 10 *11)
[    0.303570] SCSI subsystem initialized
[    0.304052] pci 0000:00:02.0: vgaarb: setting as boot VGA device
[    0.305369] pci 0000:00:02.0: vgaarb: VGA device added: decodes=io+mem,owns=io+mem,locks=none
[    0.307372] pci 0000:00:02.0: vgaarb: bridge control possible
[    0.308008] vgaarb: loaded
[    0.308737] ACPI: bus type USB registered
[    0.309708] usbcore: registered new interface driver usbfs
[    0.310928] usbcore: registered new interface driver hub
[    0.312023] usbcore: registered new device driver usb
[    0.313241] EDAC MC: Ver: 3.0.0
[    0.313241] PCI: Using ACPI for IRQ routing
[    0.316414] NetLabel: Initializing
[    0.317404] NetLabel:  domain hash size = 128
[    0.318373] NetLabel:  protocols = UNLABELED CIPSOv4 CALIPSO
[    0.320027] NetLabel:  unlabeled traffic allowed by default
[    0.321293] clocksource: Switched to clocksource kvm-clock
[    0.341445] VFS: Disk quotas dquot_6.6.0
[    0.342463] VFS: Dquot-cache hash table entries: 512 (order 0, 4096 bytes)
[    0.344203] AppArmor: AppArmor Filesystem Enabled
[    0.345407] pnp: PnP ACPI init
[    0.347481] pnp: PnP ACPI: found 3 devices
[    0.357813] clocksource: acpi_pm: mask: 0xffffff max_cycles: 0xffffff, max_idle_ns: 2085701024 ns
[    0.359825] NET: Registered protocol family 2
[    0.360953] IP idents hash table entries: 16384 (order: 5, 131072 bytes)
[    0.365567] TCP established hash table entries: 8192 (order: 4, 65536 bytes)
[    0.367770] TCP bind hash table entries: 8192 (order: 5, 131072 bytes)
[    0.369343] TCP: Hash tables configured (established 8192 bind 8192)
[    0.370839] UDP hash table entries: 512 (order: 2, 16384 bytes)
[    0.372300] UDP-Lite hash table entries: 512 (order: 2, 16384 bytes)
[    0.373837] NET: Registered protocol family 1
[    0.374939] pci 0000:00:00.0: Limiting direct PCI/PCI transfers
[    0.376282] pci 0000:00:01.0: Activating ISA DMA hang workarounds
[    0.377837] pci 0000:00:02.0: Video device with shadowed ROM at [mem 0x000c0000-0x000dffff]
[    0.379849] Unpacking initramfs...
[    0.778626] Freeing initrd memory: 19528K
[    0.779789] clocksource: tsc: mask: 0xffffffffffffffff max_cycles: 0x2879c7f065b, max_idle_ns: 440795303690 ns
[    0.782587] platform rtc_cmos: registered platform RTC device (no PNP device found)
[    0.784464] Scanning for low memory corruption every 60 seconds
[    0.788026] Initialise system trusted keyrings
[    0.789647] Key type blacklist registered
[    0.790837] workingset: timestamp_bits=36 max_order=18 bucket_order=0
[    0.794036] zbud: loaded
[    0.795326] squashfs: version 4.0 (2009/01/31) Phillip Lougher
[    0.797880] fuse init (API version 7.26)
[    0.801774] Key type asymmetric registered
[    0.803302] Asymmetric key parser 'x509' registered
[    0.804877] Block layer SCSI generic (bsg) driver version 0.4 loaded (major 246)
[    0.807275] io scheduler noop registered
[    0.808417] io scheduler deadline registered
[    0.809487] io scheduler cfq registered (default)
[    0.810858] ACPI: AC Adapter [AC] (on-line)
[    0.811929] input: Power Button as /devices/LNXSYSTM:00/LNXPWRBN:00/input/input0
[    0.813740] ACPI: Power Button [PWRF]
[    0.814670] input: Sleep Button as /devices/LNXSYSTM:00/LNXSLPBN:00/input/input1
[    0.816874] ACPI: Sleep Button [SLPF]
[    0.819130] ACPI: Battery Slot [BAT0] (battery present)
[    0.820154] Serial: 8250/16550 driver, 32 ports, IRQ sharing enabled
[    0.842745] 00:02: ttyS0 at I/O 0x3f8 (irq = 4, base_baud = 115200) is a 16550A
[    0.846318] Linux agpgart interface v0.103
[    0.851715] loop: module loaded
[    0.853374] scsi host0: ata_piix
[    0.854304] scsi host1: ata_piix
[    0.855076] ata1: PATA max UDMA/33 cmd 0x1f0 ctl 0x3f6 bmdma 0xd000 irq 14
[    0.856595] ata2: PATA max UDMA/33 cmd 0x170 ctl 0x376 bmdma 0xd008 irq 15
[    0.858183] tun: Universal TUN/TAP device driver, 1.6
[    0.859456] PPP generic driver version 2.4.2
[    0.860598] ehci_hcd: USB 2.0 'Enhanced' Host Controller (EHCI) Driver
[    0.862024] ehci-pci: EHCI PCI platform driver
[    0.863044] ehci-platform: EHCI generic platform driver
[    0.864166] ohci_hcd: USB 1.1 'Open' Host Controller (OHCI) Driver
[    0.866218] ohci-pci: OHCI PCI platform driver
[    0.867338] ohci-platform: OHCI generic platform driver
[    0.868690] uhci_hcd: USB Universal Host Controller Interface driver
[    0.870215] i8042: PNP: PS/2 Controller [PNP0303:PS2K,PNP0f03:PS2M] at 0x60,0x64 irq 1,12
[    0.872746] serio: i8042 KBD port at 0x60,0x64 irq 1
[    0.874026] serio: i8042 AUX port at 0x60,0x64 irq 12
[    0.875318] mousedev: PS/2 mouse device common for all mice
[    0.877000] input: AT Translated Set 2 keyboard as /devices/platform/i8042/serio0/input/input2
[    0.879438] rtc_cmos rtc_cmos: rtc core: registered rtc_cmos as rtc0
[    0.881056] rtc_cmos rtc_cmos: alarms up to one day, 114 bytes nvram
[    0.882872] i2c /dev entries driver
[    0.884475] device-mapper: uevent: version 1.0.3
[    0.885664] device-mapper: ioctl: 4.37.0-ioctl (2017-09-20) initialised: dm-devel@redhat.com
[    0.887754] ledtrig-cpu: registered to indicate activity on CPUs
[    0.890010] NET: Registered protocol family 10
[    0.895593] Segment Routing with IPv6
[    0.896654] NET: Registered protocol family 17
[    0.897829] Key type dns_resolver registered
[    0.899247] mce: Using 0 MCE banks
[    0.900562] RAS: Correctable Errors collector initialized.
[    0.902067] sched_clock: Marking stable (900516955, 0)->(1150059684, -249542729)
[    0.904193] registered taskstats version 1
[    0.905194] Loading compiled-in X.509 certificates
[    0.909043] Loaded X.509 cert 'Build time autogenerated kernel key: b5b26778eaa3ab3a4a6cee031137706e947d12ad'
[    0.911752] Loaded X.509 cert 'Canonical Ltd. Live Patch Signing: 14df34d1a87cf37625abec039ef2bf521249b969'
[    0.914727] Loaded X.509 cert 'Canonical Ltd. Kernel Module Signing: 88f752e560a1e0737e31163a466ad7b70a850c19'
[    0.917322] blacklist: Loading compiled-in revocation X.509 certificates
[    0.918903] Loaded X.509 cert 'Canonical Ltd. Secure Boot Signing: 61482aa2830d0ab2ad5af10b7250da9033ddcef0'
[    0.921395] Loaded X.509 cert 'Canonical Ltd. Secure Boot Signing (2017): 242ade75ac4a15e50d50c84b0d45ff3eae707a03'
[    0.923768] Loaded X.509 cert 'Canonical Ltd. Secure Boot Signing (ESM 2018): 365188c1d374d6b07c3c8f240f8ef722433d6a8b'
[    0.926469] Loaded X.509 cert 'Canonical Ltd. Secure Boot Signing (2019): c0746fd6c5da3ae827864651ad66ae47fe24b3e8'
[    0.929006] Loaded X.509 cert 'Canonical Ltd. Secure Boot Signing (2021 v1): a8d54bbb3825cfb94fa13c9f8a594a195c107b8d'
[    0.931631] Loaded X.509 cert 'Canonical Ltd. Secure Boot Signing (2021 v2): 4cf046892d6fd3c9a5b03f98d845f90851dc6a8c'
[    0.935503] Loaded X.509 cert 'Canonical Ltd. Secure Boot Signing (2021 v3): 100437bb6de6e469b581e61cd66bce3ef4ed53af'
[    0.938125] Loaded X.509 cert 'Canonical Ltd. Secure Boot Signing (Ubuntu Core 2019): c1d57b8f6b743f23ee41f4f7ee292f06eecadfb9'
[    0.941057] zswap: loaded using pool lzo/zbud
[    0.945554] Key type big_key registered
[    0.946507] Key type trusted registered
[    0.949689] Key type encrypted registered
[    0.951618] AppArmor: AppArmor sha1 policy hashing enabled
[    0.953358] ima: No TPM chip found, activating TPM-bypass! (rc=-19)
[    0.954910] ima: Allocated hash algorithm: sha1
[    0.955949] evm: HMAC attrs: 0x1
[    0.957635]   Magic number: 15:662:933
[    0.959308] rtc_cmos rtc_cmos: setting system clock to 2023-07-08 11:56:35 UTC (1688817395)
[    0.962955] BIOS EDD facility v0.16 2004-Jun-25, 0 devices found
[    0.965420] EDD information not available.
[    1.199146] Freeing unused kernel image memory: 2480K
[    1.212804] Write protecting the kernel read-only data: 20480k
[    1.216474] Freeing unused kernel image memory: 2008K
[    1.218868] Freeing unused kernel image memory: 1820K
[    1.233538] x86/mm: Checked W+X mappings: passed, no W+X pages found.
[    1.235183] x86/mm: Checking user space page tables
[    1.245717] x86/mm: Checked W+X mappings: passed, no W+X pages found.
Loading, please wait...
starting version 237
[    1.342714] Fusion MPT base driver 3.04.20
[    1.344368] Copyright (c) 1999-2008 LSI Corporation
[    1.363630] e1000: Intel(R) PRO/1000 Network Driver - version 7.3.21-k8-NAPI
[    1.366107] e1000: Copyright (c) 1999-2006 Intel Corporation.
[    1.371560] Fusion MPT SPI Host driver 3.04.20
[    1.376483] AVX2 version of gcm_enc/dec engaged.
[    1.378793] AES CTR mode by8 optimization enabled
[    1.559858] input: ImExPS/2 Generic Explorer Mouse as /devices/platform/i8042/serio1/input/input4
[    1.797578] e1000 0000:00:03.0 eth0: (PCI:33MHz:32-bit) 02:3b:7b:b7:3b:2d
[    1.799557] e1000 0000:00:03.0 eth0: Intel(R) PRO/1000 Network Connection
[    2.213712] e1000 0000:00:08.0 eth1: (PCI:33MHz:32-bit) 08:00:27:14:e1:0b
[    2.215436] e1000 0000:00:08.0 eth1: Intel(R) PRO/1000 Network Connection
[    2.219214] e1000 0000:00:08.0 enp0s8: renamed from eth1
[    2.228166] mptbase: ioc0: Initiating bringup
[    2.241322] e1000 0000:00:03.0 enp0s3: renamed from eth0
[    2.418821] ioc0: LSI53C1030 A0: Capabilities={Initiator}
[    4.693425] scsi host2: ioc0: LSI53C1030 A0, FwRev=00000000h, Ports=1, MaxQ=256, IRQ=20
[    6.334280] scsi 2:0:0:0: Direct-Access     VBOX     HARDDISK         1.0  PQ: 0 ANSI: 5
[    6.369260] scsi target2:0:0: Beginning Domain Validation
[    6.373061] scsi target2:0:0: Domain Validation skipping write tests
[    6.374894] scsi target2:0:0: Ending Domain Validation
[    6.377048] scsi target2:0:0: asynchronous
[    6.378831] scsi 2:0:1:0: Direct-Access     VBOX     HARDDISK         1.0  PQ: 0 ANSI: 5
[    6.412210] scsi target2:0:1: Beginning Domain Validation
[    6.415497] scsi target2:0:1: Domain Validation skipping write tests
[    6.417563] scsi target2:0:1: Ending Domain Validation
[    6.419548] scsi target2:0:1: asynchronous
[    6.426490] sd 2:0:0:0: Attached scsi generic sg0 type 0
[    6.426707] sd 2:0:0:0: [sda] 83886080 512-byte logical blocks: (42.9 GB/40.0 GiB)
[    6.431326] sd 2:0:0:0: [sda] Write Protect is off
[    6.432993] sd 2:0:0:0: [sda] Incomplete mode parameter data
[    6.433501] sd 2:0:1:0: Attached scsi generic sg1 type 0
[    6.434670] sd 2:0:0:0: [sda] Assuming drive cache: write through
[    6.436859] sd 2:0:1:0: [sdb] 20480 512-byte logical blocks: (10.5 MB/10.0 MiB)
[    6.441181] sd 2:0:1:0: [sdb] Write Protect is off
[    6.442843] sd 2:0:1:0: [sdb] Incomplete mode parameter data
[    6.444370] sd 2:0:1:0: [sdb] Assuming drive cache: write through
[    6.445526]  sda: sda1
[    6.448267] sd 2:0:0:0: [sda] Attached SCSI disk
[    6.452052] sd 2:0:1:0: [sdb] Attached SCSI disk
Begin: Loading essential drivers ... [    8.136286] raid6: sse2x1   gen() 10399 MB/s
[    8.195114] raid6: sse2x1   xor()  9878 MB/s
[    8.245609] raid6: sse2x2   gen() 13938 MB/s
[    8.294574] raid6: sse2x2   xor()  9249 MB/s
[    8.343805] raid6: sse2x4   gen() 14255 MB/s
[    8.392776] raid6: sse2x4   xor()  6124 MB/s
[    8.447830] raid6: avx2x1   gen() 21277 MB/s
[    8.496124] raid6: avx2x1   xor() 14381 MB/s
[    8.544203] raid6: avx2x2   gen() 24244 MB/s
[    8.594350] raid6: avx2x2   xor() 17723 MB/s
[    8.661660] raid6: avx2x4   gen() 35576 MB/s
[    8.711933] raid6: avx2x4   xor() 18609 MB/s
[    8.713547] raid6: using algorithm avx2x4 gen() 35576 MB/s
[    8.714775] raid6: .... xor() 18609 MB/s, rmw enabled
[    8.716005] raid6: using avx2x2 recovery algorithm
[    8.718144] xor: automatically using best checksumming function   avx       
[    8.720808] async_tx: api initialized (async)
done.
Begin: Running /scripts/init-premount ... done.
Begin: Mounting root file system ... Begin: Running /scripts/local-top ... done.
Begin: Running /scripts/local-premount ... [    8.772943] Btrfs loaded, crc32c=crc32c-intel
Scanning for Btrfs filesystems
done.
Warning: fsck not present, so skipping root file system
[    8.818677] EXT4-fs (sda1): mounted filesystem with ordered data mode. Opts: (null)
done.
Begin: Running /scripts/local-bottom ... done.
Begin: Running /scripts/init-bottom ... done.
[    9.041472] ip_tables: (C) 2000-2006 Netfilter Core Team
[    9.053084] systemd[1]: systemd 237 running in system mode. (+PAM +AUDIT +SELINUX +IMA +APPARMOR +SMACK +SYSVINIT +UTMP +LIBCRYPTSETUP +GCRYPT +GNUTLS +ACL +XZ +LZ4 +SECCOMP +BLKID +ELFUTILS +KMOD -IDN2 +IDN -PCRE2 default-hierarchy=hybrid)
[    9.058121] systemd[1]: Detected virtualization oracle.
[    9.059358] systemd[1]: Detected architecture x86-64.

Welcome to [1mUbuntu 18.04.6 LTS[0m!

[    9.078085] systemd[1]: Set hostname to <ubuntu>.
[    9.087788] systemd[1]: Initializing machine ID from random generator.
[    9.090802] systemd[1]: Installed transient /etc/machine-id file.
[    9.418047] systemd[1]: Reached target User and Group Name Lookups.
[[0;32m  OK  [0m] Reached target User and Group Name Lookups.
[    9.422205] systemd[1]: Reached target Mounting snaps.
[[0;32m  OK  [0m] Reached target Mounting snaps.
[    9.436112] systemd[1]: Reached target Mounted snaps.
[[0;32m  OK  [0m] Reached target Mounted snaps.
[    9.439834] systemd[1]: Created slice User and Session Slice.
[[0;32m  OK  [0m] Created slice User and Session Slice.
[[0;32m  OK  [0m] Set up automount Arbitrary Executab…rmats File System Automount Point.
[[0;32m  OK  [0m] Created slice System Slice.
[[0;32m  OK  [0m] Listening on udev Control Socket.
[[0;32m  OK  [0m] Listening on udev Kernel Socket.
[[0;32m  OK  [0m] Listening on fsck to fsckd communication Socket.
[[0;32m  OK  [0m] Listening on Journal Socket.
         Mounting Huge Pages File System...
         Starting File System Check on Root Device...
         Starting Uncomplicated firewall...
         Mounting Kernel Debug File System...
[[0;32m  OK  [0m] Listening on LVM2 metadata daemon socket.
         Mounting POSIX Message Queue File System...
[[0;32m  OK  [0m] Reached target System Time Synchronized.
[[0;32m  OK  [0m] Started Forward Password Requests to Wall Directory Watch.
[[0;32m  OK  [0m] Listening on /dev/initctl Compatibility Named Pipe.
         Starting Create list of required st…ce nodes for the current kernel...
[[0;32m  OK  [0m] Listening on Device-mapper event daemon FIFOs.
         Starting Set the console keyboard layout...
         Starting Load Kernel Modules...
[[0;32m  OK  [0m] Reached target Swap.
[[0;32m  OK  [0m] Listening on Journal Audit Socket.
[[0;32m  OK  [0m] Created slice system-serial\x2dgetty.slice.
         Starting udev Coldplug all Devices...
[[0;32m  OK  [0m] Listening on LVM2 poll daemon socket.
[    9.612150] Loading iSCSI transport class v2.0-870.
[[0;32m  OK  [0m] Listening on Journal Socket (/dev/log).
         Starting Monitoring of LVM2 mirrors…ng dmeventd or progress polling...
[[0;32m  OK  [0m] Listening on Syslog Socket.
         Starting Journal Service...
[[0;32m  OK  [0m] Listening on Network Service Netlink Socket.
[    9.625371] iscsi: registered transport (tcp)
[[0;32m  OK  [0m] Reached target Slices.
[[0;32m  OK  [0m] Mounted Huge Pages File System.
[[0;32m  OK  [0m] Started File System Check on Root Device.
[[0;32m  OK  [0m] Started Uncomplicated firewall.
[[0;32m  OK  [0m] Mounted Kernel Debug File System.
[[0;32m  OK  [0m] Mounted POSIX Message Queue File System.
[[0;32m  OK  [0m] Started Create list of required sta…vice nodes for the current kernel.
[[0;32m  OK  [0m] Started File System Check Daemon to report status.
         Starting Create Static Device Nodes in /dev...
         Starting Remount Root and Kernel File Systems...
[[0;32m  OK  [0m] Started LVM2 metadata daemon.
[    9.727156] iscsi: registered transport (iser)
[[0;32m  OK  [0m] Started Journal Service.
[[0;32m  OK  [0m] Started Load Kernel Modules.
         Mounting Kernel Configuration File System...
         Mounting FUSE Control File System...
         Starting Apply Kernel Variables...
[[0;32m  OK  [0m] Mounted Kernel Configuration File System.
[[0;32m  OK  [0m] Mounted FUSE Control File System.
[[0;32m  OK  [0m] Started udev Coldplug all Devices.
[[0;32m  OK  [0m] Started Create Static Device Nodes in /dev.
[[0;32m  OK  [0m] Started Remount Root and Kernel File Systems.
         Starting Load/Save Random Seed...
         Starting udev Kernel Device Manager...
         Starting Flush Journal to Persistent Storage...
[[0;32m  OK  [0m] Started Monitoring of LVM2 mirrors,…sing dmeventd or progress polling.
[[0;32m  OK  [0m] Started Apply Kernel Variables.
[[0;32m  OK  [0m] Started Load/Save Random Seed.
[[0;32m  OK  [0m] Started udev Kernel Device Manager.
[[0;32m  OK  [0m] Started Flush Journal to Persistent Storage.
[[0;32m  OK  [0m] Found device /dev/ttyS0.
[[0;32m  OK  [0m] Listening on Load/Save RF Kill Switch Status /dev/rfkill Watch.
         Mounting Arbitrary Executable File Formats File System...
[[0;32m  OK  [0m] Mounted Arbitrary Executable File Formats File System.
[[0;32m  OK  [0m] Started Set the console keyboard layout.
[[0;32m  OK  [0m] Reached target Local File Systems (Pre).
[[0;32m  OK  [0m] Reached target Local File Systems.
         Starting AppArmor initialization...
         Starting Tell Plymouth To Write Out Runtime Data...
         Starting Set console font and keymap...
         Starting Commit a transient machine-id on disk...
         Starting ebtables ruleset management...
         Starting Create Volatile Files and Directories...
[[0;32m  OK  [0m] Started Dispatch Password Requests to Console Directory Watch.
[[0;32m  OK  [0m] Reached target Local Encrypted Volumes.
[[0;32m  OK  [0m] Started Tell Plymouth To Write Out Runtime Data.
[[0;32m  OK  [0m] Started Create Volatile Files and Directories.
         Starting Update UTMP about System Boot/Shutdown...
[[0;32m  OK  [0m] Started Update UTMP about System Boot/Shutdown.
[[0;32m  OK  [0m] Started Commit a transient machine-id on disk.
[[0;32m  OK  [0m] Started ebtables ruleset management.
[[0;32m  OK  [0m] Started Set console font and keymap.
[[0;32m  OK  [0m] Started AppArmor initialization.
         Starting Load AppArmor profiles managed internally by snapd...
         Starting Initial cloud-init job (pre-networking)...
[[0;32m  OK  [0m] Started Load AppArmor profiles managed internally by snapd.
[   15.289671] cloud-init[856]: Cloud-init v. 23.1.2-0ubuntu0~18.04.1 running 'init-local' at Sat, 08 Jul 2023 11:56:49 +0000. Up 14.80 seconds.
[[0;32m  OK  [0m] Started Initial cloud-init job (pre-networking).
[[0;32m  OK  [0m] Reached target Network (Pre).
         Starting Network Service...
[[0;32m  OK  [0m] Started Network Service.
         Starting Wait for Network to be Configured...
         Starting Network Name Resolution...
[[0;32m  OK  [0m] Started Network Name Resolution.
[[0;32m  OK  [0m] Reached target Network.
[[0;32m  OK  [0m] Reached target Host and Network Name Lookups.
[[0;32m  OK  [0m] Started Wait for Network to be Configured.
         Starting Initial cloud-init job (metadata service crawler)...
[   17.856602] cloud-init[979]: Cloud-init v. 23.1.2-0ubuntu0~18.04.1 running 'init' at Sat, 08 Jul 2023 11:56:52 +0000. Up 17.61 seconds.
[   17.860489] cloud-init[979]: ci-info: ++++++++++++++++++++++++++++++++++++++Net device info+++++++++++++++++++++++++++++++++++++++
[   17.872257] cloud-init[979]: ci-info: +--------+-------+----------------------------+---------------+--------+-------------------+
[   17.874257] cloud-init[979]: ci-info: | Device |   Up  |          Address           |      Mask     | Scope  |     Hw-Address    |
[   17.876389] cloud-init[979]: ci-info: +--------+-------+----------------------------+---------------+--------+-------------------+
[   17.878551] cloud-init[979]: ci-info: | enp0s3 |  True |         10.0.2.15          | 255.255.255.0 | global | 02:3b:7b:b7:3b:2d |
[   17.880766] cloud-init[979]: ci-info: | enp0s3 |  True | fe80::3b:7bff:feb7:3b2d/64 |       .       |  link  | 02:3b:7b:b7:3b:2d |
[   17.882658] cloud-init[979]: ci-info: | enp0s8 | False |             .              |       .       |   .    | 08:00:27:14:e1:0b |
[   17.884941] cloud-init[979]: ci-info: |   lo   |  True |         127.0.0.1          |   255.0.0.0   |  host  |         .         |
[   17.886944] cloud-init[979]: ci-info: |   lo   |  True |          ::1/128           |       .       |  host  |         .         |
[   17.888967] cloud-init[979]: ci-info: +--------+-------+----------------------------+---------------+--------+-------------------+
[   17.890780] cloud-init[979]: ci-info: ++++++++++++++++++++++++++++Route IPv4 info+++++++++++++++++++++++++++++
[   17.892818] cloud-init[979]: ci-info: +-------+-------------+----------+-----------------+-----------+-------+
[   17.894599] cloud-init[979]: ci-info: | Route | Destination | Gateway  |     Genmask     | Interface | Flags |
[   17.896611] cloud-init[979]: ci-info: +-------+-------------+----------+-----------------+-----------+-------+
[   17.898348] cloud-init[979]: ci-info: |   0   |   0.0.0.0   | 10.0.2.2 |     0.0.0.0     |   enp0s3  |   UG  |
[   17.900398] cloud-init[979]: ci-info: |   1   |   10.0.2.0  | 0.0.0.0  |  255.255.255.0  |   enp0s3  |   U   |
[   17.902024] cloud-init[979]: ci-info: |   2   |   10.0.2.2  | 0.0.0.0  | 255.255.255.255 |   enp0s3  |   UH  |
[   17.903698] cloud-init[979]: ci-info: +-------+-------------+----------+-----------------+-----------+-------+
[   17.905751] cloud-init[979]: ci-info: +++++++++++++++++++Route IPv6 info+++++++++++++++++++
[   17.907055] cloud-init[979]: ci-info: +-------+-------------+---------+-----------+-------+
[   17.908446] cloud-init[979]: ci-info: | Route | Destination | Gateway | Interface | Flags |
[   17.910096] cloud-init[979]: ci-info: +-------+-------------+---------+-----------+-------+
[   17.911445] cloud-init[979]: ci-info: |   1   |  fe80::/64  |    ::   |   enp0s3  |   U   |
[   17.913041] cloud-init[979]: ci-info: |   3   |    local    |    ::   |   enp0s3  |   U   |
[   17.924666] cloud-init[979]: ci-info: |   4   |   ff00::/8  |    ::   |   enp0s3  |   U   |
[   17.936219] cloud-init[979]: ci-info: +-------+-------------+---------+-----------+-------+
[   18.783330] cloud-init[979]: Generating public/private rsa key pair.
[   18.784805] cloud-init[979]: Your identification has been saved in /etc/ssh/ssh_host_rsa_key.
[   18.796291] cloud-init[979]: Your public key has been saved in /etc/ssh/ssh_host_rsa_key.pub.
[   18.798020] cloud-init[979]: The key fingerprint is:
[   18.799066] cloud-init[979]: SHA256:FbwZU9y6/mC+mdA58VZ+B7o5TwVkNnWdnLenVtYC7sY root@ubuntu-bionic
[   18.801391] cloud-init[979]: The key's randomart image is:
[   18.812298] cloud-init[979]: +---[RSA 2048]----+
[   18.813387] cloud-init[979]: |         ..o..*.*|
[   18.814365] cloud-init[979]: |          +.o+.=+|
[   18.815261] cloud-init[979]: |          .* o. +|
[   18.816307] cloud-init[979]: |         .o o .o=|
[   18.828272] cloud-init[979]: |        S  o...=+|
[   18.829494] cloud-init[979]: |           .E=o= |
[   18.830599] cloud-init[979]: |          .oB.+ +|
[   18.831480] cloud-init[979]: |           +oX  o|
[   18.832761] cloud-init[979]: |            B=o  |
[   18.834081] cloud-init[979]: +----[SHA256]-----+
[   18.835332] cloud-init[979]: Generating public/private dsa key pair.
[   18.837029] cloud-init[979]: Your identification has been saved in /etc/ssh/ssh_host_dsa_key.
[   18.839662] cloud-init[979]: Your public key has been saved in /etc/ssh/ssh_host_dsa_key.pub.
[   18.842243] cloud-init[979]: The key fingerprint is:
[   18.843496] cloud-init[979]: SHA256:jRP25vqHiMftCQF00+lFAAkDrwyGCq75RM2jx2P6nS4 root@ubuntu-bionic
[   18.845433] cloud-init[979]: The key's randomart image is:
[   18.846949] cloud-init[979]: +---[DSA 1024]----+
[   18.848267] cloud-init[979]: |    ..+.++.+.    |
[   18.849345] cloud-init[979]: | .   o o..o .    |
[   18.850469] cloud-init[979]: |o o   o o. .     |
[   18.851784] cloud-init[979]: |+. = . o =.      |
[   18.853090] cloud-init[979]: |... *   S +      |
[   18.854379] cloud-init[979]: |.o o .   =       |
[   18.855738] cloud-init[979]: |o o =  o.o..     |
[   18.857514] cloud-init[979]: | o +Eo..+oo..    |
[   18.858858] cloud-init[979]: |  o..o+..o+.     |
[   18.859971] cloud-init[979]: +----[SHA256]-----+
[   18.861274] cloud-init[979]: Generating public/private ecdsa key pair.
[   18.862825] cloud-init[979]: Your identification has been saved in /etc/ssh/ssh_host_ecdsa_key.
[   18.864675] cloud-init[979]: Your public key has been saved in /etc/ssh/ssh_host_ecdsa_key.pub.
[   18.866626] cloud-init[979]: The key fingerprint is:
[   18.867467] cloud-init[979]: SHA256:peB58FyzCJIn6TAzOU+GF+Yqm3e17WTNI5Z9b0HDX3s root@ubuntu-bionic
[   18.868897] cloud-init[979]: The key's randomart image is:
[   18.869910] cloud-init[979]: +---[ECDSA 256]---+
[   18.870819] cloud-init[979]: |    o            |
[   18.880320] cloud-init[979]: |   = +           |
[   18.881514] cloud-init[979]: |  O X =   +  .   |
[   18.882614] cloud-init[979]: |   & = B = o  + .|
[   18.883688] cloud-init[979]: |. . o + S .  . oo|
[   18.886019] cloud-init[979]: | +   . + =    ..E|
[   18.887913] cloud-init[979]: |o . . . B = .  ..|
[   18.900306] cloud-init[979]: | . .   = . o ..  |
[   18.912348] cloud-init[979]: |        .    ..  |
[   18.913517] cloud-init[979]: +----[SHA256]-----+
[   18.914674] cloud-init[979]: Generating public/private ed25519 key pair.
[   18.916353] cloud-init[979]: Your identification has been saved in /etc/ssh/ssh_host_ed25519_key.
[   18.918373] cloud-init[979]: Your public key has been saved in /etc/ssh/ssh_host_ed25519_key.pub.
[   18.920249] cloud-init[979]: The key fingerprint is:
[   18.921233] cloud-init[979]: SHA256:Dc1KBrfvJEvVePPs/VGwpEw60XY18PSZkFlYrFD2F7g root@ubuntu-bionic
[   18.923371] cloud-init[979]: The key's randomart image is:
[   18.924714] cloud-init[979]: +--[ED25519 256]--+
[   18.925710] cloud-init[979]: |      . .   .=X*.|
[   18.926994] cloud-init[979]: |       o + =.==o*|
[   18.928125] cloud-init[979]: |        = * O *=o|
[   18.929172] cloud-init[979]: |       o * B E o.|
[   18.930294] cloud-init[979]: |        S * o + .|
[   18.940410] cloud-init[979]: |       . = . . ..|
[   18.941938] cloud-init[979]: |        . .   ...|
[   18.943226] cloud-init[979]: |                o|
[   18.944376] cloud-init[979]: |                .|
[   18.945337] cloud-init[979]: +----[SHA256]-----+
[[0;32m  OK  [0m] Started Initial cloud-init job (metadata service crawler).
[[0;32m  OK  [0m] Reached target Cloud-config availability.
[[0;32m  OK  [0m] Reached target System Initialization.
[[0;32m  OK  [0m] Listening on Open-iSCSI iscsid Socket.
[[0;32m  OK  [0m] Started Daily apt download activities.
[[0;32m  OK  [0m] Started Message of the Day.
         Starting Socket activation for snappy daemon.
[[0;32m  OK  [0m] Started Daily Cleanup of Temporary Directories.
[[0;32m  OK  [0m] Listening on cloud-init hotplug hook socket.
[[0;32m  OK  [0m] Started ACPI Events Check.
[[0;32m  OK  [0m] Reached target Paths.
[[0;32m  OK  [0m] Started Discard unused blocks once a week.
         Starting LXD - unix socket.
[[0;32m  OK  [0m] Started Ubuntu Advantage Timer for running repeated jobs.
[[0;32m  OK  [0m] Listening on ACPID Listen Socket.
[[0;32m  OK  [0m] Started Daily apt upgrade and clean activities.
[[0;32m  OK  [0m] Reached target Timers.
[[0;32m  OK  [0m] Listening on UUID daemon activation socket.
[[0;32m  OK  [0m] Listening on D-Bus System Message Bus Socket.
[[0;32m  OK  [0m] Reached target Network is Online.
         Starting Availability of block devices...
[[0;32m  OK  [0m] Reached target Remote File Systems (Pre).
[[0;32m  OK  [0m] Reached target Remote File Systems.
[[0;32m  OK  [0m] Listening on Socket activation for snappy daemon.
[[0;32m  OK  [0m] Listening on LXD - unix socket.
[[0;32m  OK  [0m] Started Availability of block devices.
[[0;32m  OK  [0m] Reached target Sockets.
[[0;32m  OK  [0m] Reached target Basic System.
         Starting Virtualbox guest utils...
         Starting Login Service...
         Starting LSB: Record successful boot for GRUB...
[[0;32m  OK  [0m] Started irqbalance daemon.
[[0;32m  OK  [0m] Started Regular background program processing daemon.
         Starting Dispatcher daemon for systemd-networkd...
         Starting Permit User Sessions...
         Starting Pollinate to seed the pseudo random number generator...
[[0;32m  OK  [0m] Reached target Login Prompts (Pre).
[[0;32m  OK  [0m] Started FUSE filesystem for LXC.
         Starting LXD - container startup/shutdown...
[[0;32m  OK  [0m] Started Deferred execution scheduler.
[[0;32m  OK  [0m] Started D-Bus System Message Bus.
[[0;32m  OK  [0m] Started Login Service.
[[0;32m  OK  [0m] Started Unattended Upgrades Shutdown.
         Starting System Logging Service...
         Starting Accounts Service...
         Starting LSB: automatic crash report generation...
         Starting Snap Daemon...
[[0;32m  OK  [0m] Started System Logging Service.
[[0;32m  OK  [0m] Started Permit User Sessions.
         Starting Hold until boot process finishes up...
         Starting Terminate Plymouth Boot Screen...
[[0;32m  OK  [0m] Started Hold until boot process finishes up.
[[0;32m  OK  [0m] Started Terminate Plymouth Boot Screen.
         Starting Authorization Manager...
[[0;32m  OK  [0m] Started Serial Getty on ttyS0.
         Starting Set console scheme...
[[0;32m  OK  [0m] Started Set console scheme.
[[0;32m  OK  [0m] Created slice system-getty.slice.
[[0;32m  OK  [0m] Started Getty on tty1.
[[0;32m  OK  [0m] Reached target Login Prompts.
[[0;32m  OK  [0m] Started LSB: automatic crash report generation.
[[0;32m  OK  [0m] Started LSB: Record successful boot for GRUB.
[[0;32m  OK  [0m] Started Authorization Manager.
[[0;32m  OK  [0m] Started Accounts Service.
[[0;32m  OK  [0m] Started Virtualbox guest utils.
[[0;32m  OK  [0m] Started LXD - container startup/shutdown.
[[0;32m  OK  [0m] Started Dispatcher daemon for systemd-networkd.
[[0;32m  OK  [0m] Started Snap Daemon.
         Starting Wait until snapd is fully seeded...
[[0;32m  OK  [0m] Started Pollinate to seed the pseudo random number generator.
         Starting OpenBSD Secure Shell server...
[[0;32m  OK  [0m] Started OpenBSD Secure Shell server.
[[0;32m  OK  [0m] Created slice User Slice of vagrant.
         Starting User Manager for UID 1000...
[[0;32m  OK  [0m] Started Session 1 of user vagrant.
[[0;32m  OK  [0m] Started User Manager for UID 1000.
         Starting Time & Date Service...
[[0;32m  OK  [0m] Started Time & Date Service.
[[0;32m  OK  [0m] Started Wait until snapd is fully seeded.
         Starting Apply the settings specified in cloud-config...

Ubuntu 18.04.6 LTS ubuntu-bionic ttyS0

ubuntu-bionic login: [   25.985788] cloud-init[1611]: Cloud-init v. 23.1.2-0ubuntu0~18.04.1 running 'modules:config' at Sat, 08 Jul 2023 11:56:59 +0000. Up 25.35 seconds.
ci-info: no authorized SSH keys fingerprints found for user ubuntu.
<14>Jul  8 11:57:01 cloud-init: #############################################################
<14>Jul  8 11:57:01 cloud-init: -----BEGIN SSH HOST KEY FINGERPRINTS-----
<14>Jul  8 11:57:01 cloud-init: 1024 SHA256:jRP25vqHiMftCQF00+lFAAkDrwyGCq75RM2jx2P6nS4 root@ubuntu-bionic (DSA)
<14>Jul  8 11:57:01 cloud-init: 256 SHA256:peB58FyzCJIn6TAzOU+GF+Yqm3e17WTNI5Z9b0HDX3s root@ubuntu-bionic (ECDSA)
<14>Jul  8 11:57:01 cloud-init: 256 SHA256:Dc1KBrfvJEvVePPs/VGwpEw60XY18PSZkFlYrFD2F7g root@ubuntu-bionic (ED25519)
<14>Jul  8 11:57:01 cloud-init: 2048 SHA256:FbwZU9y6/mC+mdA58VZ+B7o5TwVkNnWdnLenVtYC7sY root@ubuntu-bionic (RSA)
<14>Jul  8 11:57:01 cloud-init: -----END SSH HOST KEY FINGERPRINTS-----
<14>Jul  8 11:57:01 cloud-init: #############################################################
-----BEGIN SSH HOST KEY KEYS-----
ecdsa-sha2-nistp256 AAAAE2VjZHNhLXNoYTItbmlzdHAyNTYAAAAIbmlzdHAyNTYAAABBBGYHvMUBiHTF298TLHr5fM/R4tst+JS478vSk81tC3l4QpvnwEkN/xvhYy8AqOxTMODiLhzbDq6ReqX17JMQ6hc= root@ubuntu-bionic
ssh-ed25519 AAAAC3NzaC1lZDI1NTE5AAAAIMC7qBMR55Lw4nyEvJkOPnVCr6zaZocebYakVYJjxC07 root@ubuntu-bionic
ssh-rsa AAAAB3NzaC1yc2EAAAADAQABAAABAQDG+hff9xjkqQaXrS46UIgs+MGNmzdab6rk9b0Qp9S41aKLtXoTejbJhjSrgi86jMaoYTVuTy3lmACtRPhSJBqKoiNfgqS1nh/Gz+hq8gR/09rioR508e4OWbkAhUW7WxHU1s+o1s3HMHJHZ567QUn1V4ubus5ty+xuSu21PVqZpSWUR/Hotnr1kddOeRJ9WcVHE55mlSNFx+vzkgApkVMi4MqsKzo3c+uYbvC8tFQ0mRqHoKxt3A569Um5k0wyUOZSTTrU86qfnVszjBCDcUTUGwEA0B+zomfQti5YMXwCI4onXWzbIsxJ1OqCZS5k85jL8zgCGkEfsO5mOZhhqSt9 root@ubuntu-bionic
-----END SSH HOST KEY KEYS-----
[   27.423910] cloud-init[1794]: Cloud-init v. 23.1.2-0ubuntu0~18.04.1 running 'modules:final' at Sat, 08 Jul 2023 11:57:01 +0000. Up 26.91 seconds.
[   27.427426] cloud-init[1794]: Cloud-init v. 23.1.2-0ubuntu0~18.04.1 finished at Sat, 08 Jul 2023 11:57:01 +0000. Datasource DataSourceNoCloud [seed=/dev/sdb][dsmode=net].  Up 27.40 seconds
